= Host-specific information ====================================================
$> hostname; uname -msr
deepthought-worker-1.42berlin.de
Linux 5.15.0-136-generic x86_64
$> date
Fri Apr  4 04:24:23 PM CEST 2025

= User files collection ========================================================
Collecting user files from Vogsphere
Repository URL: git@vogsphere.42berlin.de:exam-2025-04-04/mitadic_exam-rank-02_exam_10h28m46s.git

= Git history ==================================================================
$> git -C /tmp/tmpea1u7ptk/user log --pretty='%H - %an, %ad : %s'
5a499ae22dc6a29ea98235082fb398c99bf3b4fb - Exam 42, Fri Apr 4 16:23:58 2025 +0200 : bsq bork
c8a7ea8877df148c52d5841cb4ab6ad06ab47b00 - Exam 42, Fri Apr 4 15:06:06 2025 +0200 : bork
 
= Collected files ==========================================
$> ls -lAR /tmp/tmpea1u7ptk/user
/tmp/tmpea1u7ptk/user:
total 12
drwxr-xr-x 2 root root 4096 Apr  4 16:24 bsq
-rw-r--r-- 1 root root  566 Apr  4 16:24 __GIT_HISTORY
drwxr-xr-x 2 root root 4096 Apr  4 16:24 vect2

/tmp/tmpea1u7ptk/user/bsq:
total 8
-rw-r--r-- 1 root root 2982 Apr  4 16:24 bsq.c
-rw-r--r-- 1 root root  203 Apr  4 16:24 bsq.h

/tmp/tmpea1u7ptk/user/vect2:
total 8
-rw-r--r-- 1 root root  453 Apr  4 16:24 vect2.cpp
-rw-r--r-- 1 root root 2189 Apr  4 16:24 vect2.hpp
 
= bsq ==========================================================================
$> cc -Wextra -Wall -Werror bsq.c -o user_exe 

= Test 1 ===================================================
$> ./eweajpvz9qz1cbwx7nz80kob < test1.stdin
$> diff -U 3 user_output_test1 test1.output | cat -e

Diff OK :D
= Test 2 ===================================================
$> ./6y2ue6ae6grnxiikh2ui625b < test2.stdin
$> diff -U 3 user_output_test2 test2.output | cat -e

Diff OK :D
= Test 3 ===================================================
$> ./b1655xkq3ru69ifznpm6f621 < test3.stdin
$> diff -U 3 user_output_test3 test3.output | cat -e

Diff OK :D
= Test 4 ===================================================
$> ./rm5vek4titcjbs9pxjeg8b2i < test4.stdin
$> diff -U 3 user_output_test4 test4.output | cat -e

Diff OK :D
= Test 5 ===================================================
$> ./qlj106fszi3qbqiuqtx2pzrz < test5.stdin
$> diff -U 3 user_output_test5 test5.output | cat -e

Diff OK :D
= Test 6 ===================================================
$> ./yt6jodo0hnz5u0c048ar3mxt < test6.stdin
$> diff -U 3 user_output_test6 test6.output | cat -e

Diff OK :D
= Test 7 ===================================================
$> ./4c1uhwta7vkx04bvpwycmksl < test7.stdin
$> diff -U 3 user_output_test7 test7.output | cat -e

Diff OK :D
= Test 8 ===================================================
$> ./prdpiii8oo1ufy9gyr5lfsan < test8.stdin
$> diff -U 3 user_output_test8 test8.output | cat -e

Diff OK :D
= Test 9 ===================================================
$> ./6cbalc2ceokda7d8b7v3pxku < test9.stdin
$> diff -U 3 user_output_test9 test9.output | cat -e

Diff OK :D
= Test 10 ==================================================
$> ./05aexbz80etivjoi79wa2kvd < test10.stdin
$> diff -U 3 user_output_test10 test10.output | cat -e

Diff OK :D
Grade: 1

= Final grade: 1 ===============================================================
