= Host-specific information ====================================================
$> hostname; uname -msr
deepthought-worker-6.42berlin.de
Linux 5.15.0-136-generic x86_64
$> date
Fri Apr  4 03:06:27 PM CEST 2025

= User files collection ========================================================
Collecting user files from Vogsphere
Repository URL: git@vogsphere.42berlin.de:exam-2025-04-04/mitadic_exam-rank-02_exam_10h28m46s.git

= Git history ==================================================================
$> git -C /tmp/tmp66rdu5kp/user log --pretty='%H - %an, %ad : %s'
c8a7ea8877df148c52d5841cb4ab6ad06ab47b00 - Exam 42, Fri Apr 4 15:06:06 2025 +0200 : bork
 
= Collected files ==========================================
$> ls -lAR /tmp/tmp66rdu5kp/user
/tmp/tmp66rdu5kp/user:
total 8
-rw-r--r-- 1 root root  284 Apr  4 15:06 __GIT_HISTORY
drwxr-xr-x 2 root root 4096 Apr  4 15:06 vect2

/tmp/tmp66rdu5kp/user/vect2:
total 8
-rw-r--r-- 1 root root  453 Apr  4 15:06 vect2.cpp
-rw-r--r-- 1 root root 2189 Apr  4 15:06 vect2.hpp
 
= vect2 ========================================================================
$> c++ -Wextra -Wall -Werror main.cpp vect2.cpp -o user_exe 

$> c++ -Wextra -Wall -Werror main.cpp vect2.cpp -o ref_exe 

= Test 1 ===================================================
$> ./5yoik4xhjyuy8p1zdz7m54v6
$> ./5yoik4xhjyuy8p1zdz7m54v6
$> diff -U 3 user_output_test1 test1.output | cat -e

Diff OK :D
Grade: 1

= Final grade: 1 ===============================================================
